Analysis & Synthesis report for DigitalClock
Sun Aug 27 02:35:28 2023
Quartus Prime Version 22.1std.2 Build 922 07/20/2023 SC Lite Edition


---------------------
; Table of Contents ;
---------------------
  1. Legal Notice
  2. Analysis & Synthesis Summary
  3. Analysis & Synthesis Settings
  4. Parallel Compilation
  5. Port Connectivity Checks: "minute_controller:min_controller"
  6. Analysis & Synthesis Messages



----------------
; Legal Notice ;
----------------
Copyright (C) 2023  Intel Corporation. All rights reserved.
Your use of Intel Corporation's design tools, logic functions 
and other software and tools, and any partner logic 
functions, and any output files from any of the foregoing 
(including device programming or simulation files), and any 
associated documentation or information are expressly subject 
to the terms and conditions of the Intel Program License 
Subscription Agreement, the Intel Quartus Prime License Agreement,
the Intel FPGA IP License Agreement, or other applicable license
agreement, including, without limitation, that your use is for
the sole purpose of programming logic devices manufactured by
Intel and sold by Intel or its authorized distributors.  Please
refer to the applicable agreement for further details, at
https://fpgasoftware.intel.com/eula.



+-------------------------------------------------------------------------------------+
; Analysis & Synthesis Summary                                                        ;
+------------------------------------+------------------------------------------------+
; Analysis & Synthesis Status        ; Failed - Sun Aug 27 02:35:28 2023              ;
; Quartus Prime Version              ; 22.1std.2 Build 922 07/20/2023 SC Lite Edition ;
; Revision Name                      ; DigitalClock                                   ;
; Top-level Entity Name              ; DigitalClock                                   ;
; Family                             ; MAX 10                                         ;
; Total logic elements               ; N/A until Partition Merge                      ;
;     Total combinational functions  ; N/A until Partition Merge                      ;
;     Dedicated logic registers      ; N/A until Partition Merge                      ;
; Total registers                    ; N/A until Partition Merge                      ;
; Total pins                         ; N/A until Partition Merge                      ;
; Total virtual pins                 ; N/A until Partition Merge                      ;
; Total memory bits                  ; N/A until Partition Merge                      ;
; Embedded Multiplier 9-bit elements ; N/A until Partition Merge                      ;
; Total PLLs                         ; N/A until Partition Merge                      ;
; UFM blocks                         ; N/A until Partition Merge                      ;
; ADC blocks                         ; N/A until Partition Merge                      ;
+------------------------------------+------------------------------------------------+


+------------------------------------------------------------------------------------------------------------+
; Analysis & Synthesis Settings                                                                              ;
+------------------------------------------------------------------+--------------------+--------------------+
; Option                                                           ; Setting            ; Default Value      ;
+------------------------------------------------------------------+--------------------+--------------------+
; Device                                                           ; 10M50DAF484C7G     ;                    ;
; Top-level entity name                                            ; DigitalClock       ; DigitalClock       ;
; Family name                                                      ; MAX 10             ; Cyclone V          ;
; Use smart compilation                                            ; Off                ; Off                ;
; Enable parallel Assembler and Timing Analyzer during compilation ; On                 ; On                 ;
; Enable compact report table                                      ; Off                ; Off                ;
; Restructure Multiplexers                                         ; Auto               ; Auto               ;
; Create Debugging Nodes for IP Cores                              ; Off                ; Off                ;
; Preserve fewer node names                                        ; On                 ; On                 ;
; Intel FPGA IP Evaluation Mode                                    ; Enable             ; Enable             ;
; Verilog Version                                                  ; Verilog_2001       ; Verilog_2001       ;
; VHDL Version                                                     ; VHDL_1993          ; VHDL_1993          ;
; State Machine Processing                                         ; Auto               ; Auto               ;
; Safe State Machine                                               ; Off                ; Off                ;
; Extract Verilog State Machines                                   ; On                 ; On                 ;
; Extract VHDL State Machines                                      ; On                 ; On                 ;
; Ignore Verilog initial constructs                                ; Off                ; Off                ;
; Iteration limit for constant Verilog loops                       ; 5000               ; 5000               ;
; Iteration limit for non-constant Verilog loops                   ; 250                ; 250                ;
; Add Pass-Through Logic to Inferred RAMs                          ; On                 ; On                 ;
; Infer RAMs from Raw Logic                                        ; On                 ; On                 ;
; Parallel Synthesis                                               ; On                 ; On                 ;
; DSP Block Balancing                                              ; Auto               ; Auto               ;
; NOT Gate Push-Back                                               ; On                 ; On                 ;
; Power-Up Don't Care                                              ; On                 ; On                 ;
; Remove Redundant Logic Cells                                     ; Off                ; Off                ;
; Remove Duplicate Registers                                       ; On                 ; On                 ;
; Ignore CARRY Buffers                                             ; Off                ; Off                ;
; Ignore CASCADE Buffers                                           ; Off                ; Off                ;
; Ignore GLOBAL Buffers                                            ; Off                ; Off                ;
; Ignore ROW GLOBAL Buffers                                        ; Off                ; Off                ;
; Ignore LCELL Buffers                                             ; Off                ; Off                ;
; Ignore SOFT Buffers                                              ; On                 ; On                 ;
; Limit AHDL Integers to 32 Bits                                   ; Off                ; Off                ;
; Optimization Technique                                           ; Balanced           ; Balanced           ;
; Carry Chain Length                                               ; 70                 ; 70                 ;
; Auto Carry Chains                                                ; On                 ; On                 ;
; Auto Open-Drain Pins                                             ; On                 ; On                 ;
; Perform WYSIWYG Primitive Resynthesis                            ; Off                ; Off                ;
; Auto ROM Replacement                                             ; On                 ; On                 ;
; Auto RAM Replacement                                             ; On                 ; On                 ;
; Auto DSP Block Replacement                                       ; On                 ; On                 ;
; Auto Shift Register Replacement                                  ; Auto               ; Auto               ;
; Allow Shift Register Merging across Hierarchies                  ; Auto               ; Auto               ;
; Auto Clock Enable Replacement                                    ; On                 ; On                 ;
; Strict RAM Replacement                                           ; Off                ; Off                ;
; Allow Synchronous Control Signals                                ; On                 ; On                 ;
; Force Use of Synchronous Clear Signals                           ; Off                ; Off                ;
; Auto RAM Block Balancing                                         ; On                 ; On                 ;
; Auto RAM to Logic Cell Conversion                                ; Off                ; Off                ;
; Auto Resource Sharing                                            ; Off                ; Off                ;
; Allow Any RAM Size For Recognition                               ; Off                ; Off                ;
; Allow Any ROM Size For Recognition                               ; Off                ; Off                ;
; Allow Any Shift Register Size For Recognition                    ; Off                ; Off                ;
; Use LogicLock Constraints during Resource Balancing              ; On                 ; On                 ;
; Ignore translate_off and synthesis_off directives                ; Off                ; Off                ;
; Timing-Driven Synthesis                                          ; On                 ; On                 ;
; Report Parameter Settings                                        ; On                 ; On                 ;
; Report Source Assignments                                        ; On                 ; On                 ;
; Report Connectivity Checks                                       ; On                 ; On                 ;
; Ignore Maximum Fan-Out Assignments                               ; Off                ; Off                ;
; Synchronization Register Chain Length                            ; 2                  ; 2                  ;
; Power Optimization During Synthesis                              ; Normal compilation ; Normal compilation ;
; HDL message level                                                ; Level2             ; Level2             ;
; Suppress Register Optimization Related Messages                  ; Off                ; Off                ;
; Number of Removed Registers Reported in Synthesis Report         ; 5000               ; 5000               ;
; Number of Swept Nodes Reported in Synthesis Report               ; 5000               ; 5000               ;
; Number of Inverted Registers Reported in Synthesis Report        ; 100                ; 100                ;
; Clock MUX Protection                                             ; On                 ; On                 ;
; Auto Gated Clock Conversion                                      ; Off                ; Off                ;
; Block Design Naming                                              ; Auto               ; Auto               ;
; SDC constraint protection                                        ; Off                ; Off                ;
; Synthesis Effort                                                 ; Auto               ; Auto               ;
; Shift Register Replacement - Allow Asynchronous Clear Signal     ; On                 ; On                 ;
; Pre-Mapping Resynthesis Optimization                             ; Off                ; Off                ;
; Analysis & Synthesis Message Level                               ; Medium             ; Medium             ;
; Disable Register Merging Across Hierarchies                      ; Auto               ; Auto               ;
; Resource Aware Inference For Block RAM                           ; On                 ; On                 ;
+------------------------------------------------------------------+--------------------+--------------------+


+------------------------------------------+
; Parallel Compilation                     ;
+----------------------------+-------------+
; Processors                 ; Number      ;
+----------------------------+-------------+
; Number detected on machine ; 4           ;
; Maximum allowed            ; 2           ;
;                            ;             ;
; Average used               ; 1.00        ;
; Maximum used               ; 1           ;
;                            ;             ;
; Usage by Processor         ; % Time Used ;
;     Processor 1            ; 100.0%      ;
+----------------------------+-------------+


+---------------------------------------------------------------------------------------------------------------------+
; Port Connectivity Checks: "minute_controller:min_controller"                                                        ;
+-----------+--------+----------+-------------------------------------------------------------------------------------+
; Port      ; Type   ; Severity ; Details                                                                             ;
+-----------+--------+----------+-------------------------------------------------------------------------------------+
; incr_hour ; Output ; Info     ; Connected to dangling logic. Logic that only feeds a dangling port will be removed. ;
+-----------+--------+----------+-------------------------------------------------------------------------------------+


+-------------------------------+
; Analysis & Synthesis Messages ;
+-------------------------------+
Info: *******************************************************************
Info: Running Quartus Prime Analysis & Synthesis
    Info: Version 22.1std.2 Build 922 07/20/2023 SC Lite Edition
    Info: Processing started: Sun Aug 27 02:35:15 2023
Info: Command: quartus_map --read_settings_files=on --write_settings_files=off DigitalClock -c DigitalClock
Warning (18236): Number of processors has not been specified which may cause overloading on shared machines.  Set the global assignment NUM_PARALLEL_PROCESSORS in your QSF to an appropriate value for best performance.
Info (20030): Parallel compilation is enabled and will use 2 of the 2 processors detected
Info (12021): Found 2 design units, including 1 entities, in source file fifty_mhz_1hz_2hz.vhd
    Info (12022): Found design unit 1: fifty_mhz_1hz_2hz-converter File: C:/Users/USER/Desktop/FPGA_Practice/DigitalClock/fifty_mhz_1hz_2hz.vhd Line: 11
    Info (12023): Found entity 1: fifty_mhz_1hz_2hz File: C:/Users/USER/Desktop/FPGA_Practice/DigitalClock/fifty_mhz_1hz_2hz.vhd Line: 4
Info (12021): Found 2 design units, including 1 entities, in source file time_incrementer.vhd
    Info (12022): Found design unit 1: time_incrementer-logic File: C:/Users/USER/Desktop/FPGA_Practice/DigitalClock/time_incrementer.vhd Line: 12
    Info (12023): Found entity 1: time_incrementer File: C:/Users/USER/Desktop/FPGA_Practice/DigitalClock/time_incrementer.vhd Line: 5
Info (12021): Found 2 design units, including 1 entities, in source file digitalclock.vhd
    Info (12022): Found design unit 1: DigitalClock-logic File: C:/Users/USER/Desktop/FPGA_Practice/DigitalClock/DigitalClock.vhd Line: 12
    Info (12023): Found entity 1: DigitalClock File: C:/Users/USER/Desktop/FPGA_Practice/DigitalClock/DigitalClock.vhd Line: 5
Info (12021): Found 2 design units, including 1 entities, in source file seven_seg.vhd
    Info (12022): Found design unit 1: seven_seg-decode File: C:/Users/USER/Desktop/FPGA_Practice/DigitalClock/seven_seg.vhd Line: 9
    Info (12023): Found entity 1: seven_seg File: C:/Users/USER/Desktop/FPGA_Practice/DigitalClock/seven_seg.vhd Line: 4
Info (12021): Found 2 design units, including 1 entities, in source file second_indicator.vhd
    Info (12022): Found design unit 1: second_indicator-controller File: C:/Users/USER/Desktop/FPGA_Practice/DigitalClock/second_indicator.vhd Line: 12
    Info (12023): Found entity 1: second_indicator File: C:/Users/USER/Desktop/FPGA_Practice/DigitalClock/second_indicator.vhd Line: 5
Info (12021): Found 2 design units, including 1 entities, in source file hour_controller.vhd
    Info (12022): Found design unit 1: hour_controller-controller File: C:/Users/USER/Desktop/FPGA_Practice/DigitalClock/hour_controller.vhd Line: 12
    Info (12023): Found entity 1: hour_controller File: C:/Users/USER/Desktop/FPGA_Practice/DigitalClock/hour_controller.vhd Line: 5
Info (12021): Found 2 design units, including 1 entities, in source file minute_controller.vhd
    Info (12022): Found design unit 1: minute_controller-controller File: C:/Users/USER/Desktop/FPGA_Practice/DigitalClock/minute_controller.vhd Line: 15
    Info (12023): Found entity 1: minute_controller File: C:/Users/USER/Desktop/FPGA_Practice/DigitalClock/minute_controller.vhd Line: 7
Info (12127): Elaborating entity "DigitalClock" for the top level hierarchy
Warning (10036): Verilog HDL or VHDL warning at DigitalClock.vhd(67): object "ignore" assigned a value but never read File: C:/Users/USER/Desktop/FPGA_Practice/DigitalClock/DigitalClock.vhd Line: 67
Info (12128): Elaborating entity "seven_seg" for hierarchy "seven_seg:hour_tens_seg" File: C:/Users/USER/Desktop/FPGA_Practice/DigitalClock/DigitalClock.vhd Line: 72
Info (12128): Elaborating entity "time_incrementer" for hierarchy "time_incrementer:t_incrementer" File: C:/Users/USER/Desktop/FPGA_Practice/DigitalClock/DigitalClock.vhd Line: 77
Info (12128): Elaborating entity "hour_controller" for hierarchy "time_incrementer:t_incrementer|hour_controller:hr_controller" File: C:/Users/USER/Desktop/FPGA_Practice/DigitalClock/time_incrementer.vhd Line: 32
Info (12128): Elaborating entity "minute_controller" for hierarchy "time_incrementer:t_incrementer|minute_controller:min_controller" File: C:/Users/USER/Desktop/FPGA_Practice/DigitalClock/time_incrementer.vhd Line: 38
Info (12128): Elaborating entity "fifty_mhz_1hz_2hz" for hierarchy "fifty_mhz_1hz_2hz:one_hz" File: C:/Users/USER/Desktop/FPGA_Practice/DigitalClock/DigitalClock.vhd Line: 85
Info (12128): Elaborating entity "second_indicator" for hierarchy "second_indicator:s_ind" File: C:/Users/USER/Desktop/FPGA_Practice/DigitalClock/DigitalClock.vhd Line: 91
Error (12014): Net "minute_tens[3]", which fans out to "minute_tens[3]~direct", cannot be assigned more than one value File: C:/Users/USER/Desktop/FPGA_Practice/DigitalClock/DigitalClock.vhd Line: 64
    Error (12015): Net is fed by "time_incrementer:t_incrementer|new_min_tens[3]" File: C:/Users/USER/Desktop/FPGA_Practice/DigitalClock/time_incrementer.vhd Line: 8
    Error (12015): Net is fed by "minute_controller:min_controller|min_tens[3]" File: C:/Users/USER/Desktop/FPGA_Practice/DigitalClock/minute_controller.vhd Line: 19
    Error (12015): Net is fed by "minute_controller:min_controller|min_tens[3]~reg0" File: C:/Users/USER/Desktop/FPGA_Practice/DigitalClock/minute_controller.vhd Line: 19
    Error (12015): Net is fed by "time_incrementer:t_incrementer|minute_controller:min_controller|min_tens[3]" File: C:/Users/USER/Desktop/FPGA_Practice/DigitalClock/minute_controller.vhd Line: 19
    Error (12015): Net is fed by "time_incrementer:t_incrementer|minute_controller:min_controller|min_tens[3]~reg0" File: C:/Users/USER/Desktop/FPGA_Practice/DigitalClock/minute_controller.vhd Line: 19
Error (12014): Net "minute_tens[2]", which fans out to "minute_tens[2]~direct", cannot be assigned more than one value File: C:/Users/USER/Desktop/FPGA_Practice/DigitalClock/DigitalClock.vhd Line: 64
    Error (12015): Net is fed by "time_incrementer:t_incrementer|new_min_tens[2]" File: C:/Users/USER/Desktop/FPGA_Practice/DigitalClock/time_incrementer.vhd Line: 8
    Error (12015): Net is fed by "minute_controller:min_controller|min_tens[2]" File: C:/Users/USER/Desktop/FPGA_Practice/DigitalClock/minute_controller.vhd Line: 19
    Error (12015): Net is fed by "minute_controller:min_controller|min_tens[2]~reg0" File: C:/Users/USER/Desktop/FPGA_Practice/DigitalClock/minute_controller.vhd Line: 19
    Error (12015): Net is fed by "time_incrementer:t_incrementer|minute_controller:min_controller|min_tens[2]" File: C:/Users/USER/Desktop/FPGA_Practice/DigitalClock/minute_controller.vhd Line: 19
    Error (12015): Net is fed by "time_incrementer:t_incrementer|minute_controller:min_controller|min_tens[2]~reg0" File: C:/Users/USER/Desktop/FPGA_Practice/DigitalClock/minute_controller.vhd Line: 19
Error (12014): Net "minute_tens[1]", which fans out to "minute_tens[1]~direct", cannot be assigned more than one value File: C:/Users/USER/Desktop/FPGA_Practice/DigitalClock/DigitalClock.vhd Line: 64
    Error (12015): Net is fed by "time_incrementer:t_incrementer|new_min_tens[1]" File: C:/Users/USER/Desktop/FPGA_Practice/DigitalClock/time_incrementer.vhd Line: 8
    Error (12015): Net is fed by "minute_controller:min_controller|min_tens[1]" File: C:/Users/USER/Desktop/FPGA_Practice/DigitalClock/minute_controller.vhd Line: 19
    Error (12015): Net is fed by "minute_controller:min_controller|min_tens[1]~reg0" File: C:/Users/USER/Desktop/FPGA_Practice/DigitalClock/minute_controller.vhd Line: 19
    Error (12015): Net is fed by "time_incrementer:t_incrementer|minute_controller:min_controller|min_tens[1]" File: C:/Users/USER/Desktop/FPGA_Practice/DigitalClock/minute_controller.vhd Line: 19
    Error (12015): Net is fed by "time_incrementer:t_incrementer|minute_controller:min_controller|min_tens[1]~reg0" File: C:/Users/USER/Desktop/FPGA_Practice/DigitalClock/minute_controller.vhd Line: 19
Error (12014): Net "minute_tens[0]", which fans out to "minute_tens[0]~direct", cannot be assigned more than one value File: C:/Users/USER/Desktop/FPGA_Practice/DigitalClock/DigitalClock.vhd Line: 64
    Error (12015): Net is fed by "time_incrementer:t_incrementer|new_min_tens[0]" File: C:/Users/USER/Desktop/FPGA_Practice/DigitalClock/time_incrementer.vhd Line: 8
    Error (12015): Net is fed by "minute_controller:min_controller|min_tens[0]" File: C:/Users/USER/Desktop/FPGA_Practice/DigitalClock/minute_controller.vhd Line: 19
    Error (12015): Net is fed by "minute_controller:min_controller|min_tens[0]~reg0" File: C:/Users/USER/Desktop/FPGA_Practice/DigitalClock/minute_controller.vhd Line: 19
    Error (12015): Net is fed by "time_incrementer:t_incrementer|minute_controller:min_controller|min_tens[0]" File: C:/Users/USER/Desktop/FPGA_Practice/DigitalClock/minute_controller.vhd Line: 19
    Error (12015): Net is fed by "time_incrementer:t_incrementer|minute_controller:min_controller|min_tens[0]~reg0" File: C:/Users/USER/Desktop/FPGA_Practice/DigitalClock/minute_controller.vhd Line: 19
Error (12014): Net "minute_unit[3]", which fans out to "minute_unit[3]~direct", cannot be assigned more than one value File: C:/Users/USER/Desktop/FPGA_Practice/DigitalClock/DigitalClock.vhd Line: 64
    Error (12015): Net is fed by "time_incrementer:t_incrementer|new_min_unit[3]" File: C:/Users/USER/Desktop/FPGA_Practice/DigitalClock/time_incrementer.vhd Line: 8
    Error (12015): Net is fed by "minute_controller:min_controller|min_unit[3]" File: C:/Users/USER/Desktop/FPGA_Practice/DigitalClock/minute_controller.vhd Line: 19
    Error (12015): Net is fed by "minute_controller:min_controller|min_unit[3]~reg0" File: C:/Users/USER/Desktop/FPGA_Practice/DigitalClock/minute_controller.vhd Line: 19
    Error (12015): Net is fed by "time_incrementer:t_incrementer|minute_controller:min_controller|min_unit[3]" File: C:/Users/USER/Desktop/FPGA_Practice/DigitalClock/minute_controller.vhd Line: 19
    Error (12015): Net is fed by "time_incrementer:t_incrementer|minute_controller:min_controller|min_unit[3]~reg0" File: C:/Users/USER/Desktop/FPGA_Practice/DigitalClock/minute_controller.vhd Line: 19
Error (12014): Net "minute_unit[2]", which fans out to "minute_unit[2]~direct", cannot be assigned more than one value File: C:/Users/USER/Desktop/FPGA_Practice/DigitalClock/DigitalClock.vhd Line: 64
    Error (12015): Net is fed by "time_incrementer:t_incrementer|new_min_unit[2]" File: C:/Users/USER/Desktop/FPGA_Practice/DigitalClock/time_incrementer.vhd Line: 8
    Error (12015): Net is fed by "minute_controller:min_controller|min_unit[2]" File: C:/Users/USER/Desktop/FPGA_Practice/DigitalClock/minute_controller.vhd Line: 19
    Error (12015): Net is fed by "minute_controller:min_controller|min_unit[2]~reg0" File: C:/Users/USER/Desktop/FPGA_Practice/DigitalClock/minute_controller.vhd Line: 19
    Error (12015): Net is fed by "time_incrementer:t_incrementer|minute_controller:min_controller|min_unit[2]" File: C:/Users/USER/Desktop/FPGA_Practice/DigitalClock/minute_controller.vhd Line: 19
    Error (12015): Net is fed by "time_incrementer:t_incrementer|minute_controller:min_controller|min_unit[2]~reg0" File: C:/Users/USER/Desktop/FPGA_Practice/DigitalClock/minute_controller.vhd Line: 19
Error (12014): Net "minute_unit[1]", which fans out to "minute_unit[1]~direct", cannot be assigned more than one value File: C:/Users/USER/Desktop/FPGA_Practice/DigitalClock/DigitalClock.vhd Line: 64
    Error (12015): Net is fed by "time_incrementer:t_incrementer|new_min_unit[1]" File: C:/Users/USER/Desktop/FPGA_Practice/DigitalClock/time_incrementer.vhd Line: 8
    Error (12015): Net is fed by "minute_controller:min_controller|min_unit[1]" File: C:/Users/USER/Desktop/FPGA_Practice/DigitalClock/minute_controller.vhd Line: 19
    Error (12015): Net is fed by "minute_controller:min_controller|min_unit[1]~reg0" File: C:/Users/USER/Desktop/FPGA_Practice/DigitalClock/minute_controller.vhd Line: 19
    Error (12015): Net is fed by "time_incrementer:t_incrementer|minute_controller:min_controller|min_unit[1]" File: C:/Users/USER/Desktop/FPGA_Practice/DigitalClock/minute_controller.vhd Line: 19
    Error (12015): Net is fed by "time_incrementer:t_incrementer|minute_controller:min_controller|min_unit[1]~reg0" File: C:/Users/USER/Desktop/FPGA_Practice/DigitalClock/minute_controller.vhd Line: 19
Error (12014): Net "minute_unit[0]", which fans out to "minute_unit[0]~direct", cannot be assigned more than one value File: C:/Users/USER/Desktop/FPGA_Practice/DigitalClock/DigitalClock.vhd Line: 64
    Error (12015): Net is fed by "time_incrementer:t_incrementer|new_min_unit[0]" File: C:/Users/USER/Desktop/FPGA_Practice/DigitalClock/time_incrementer.vhd Line: 8
    Error (12015): Net is fed by "minute_controller:min_controller|min_unit[0]" File: C:/Users/USER/Desktop/FPGA_Practice/DigitalClock/minute_controller.vhd Line: 19
    Error (12015): Net is fed by "minute_controller:min_controller|min_unit[0]~reg0" File: C:/Users/USER/Desktop/FPGA_Practice/DigitalClock/minute_controller.vhd Line: 19
    Error (12015): Net is fed by "time_incrementer:t_incrementer|minute_controller:min_controller|min_unit[0]" File: C:/Users/USER/Desktop/FPGA_Practice/DigitalClock/minute_controller.vhd Line: 19
    Error (12015): Net is fed by "time_incrementer:t_incrementer|minute_controller:min_controller|min_unit[0]~reg0" File: C:/Users/USER/Desktop/FPGA_Practice/DigitalClock/minute_controller.vhd Line: 19
Error (12014): Net "hour_tens[3]", which fans out to "hour_tens[3]~direct", cannot be assigned more than one value File: C:/Users/USER/Desktop/FPGA_Practice/DigitalClock/DigitalClock.vhd Line: 64
    Error (12015): Net is fed by "time_incrementer:t_incrementer|new_hour_tens[3]" File: C:/Users/USER/Desktop/FPGA_Practice/DigitalClock/time_incrementer.vhd Line: 8
    Error (12015): Net is fed by "hour_controller:hr_controller|hr_tens[3]" File: C:/Users/USER/Desktop/FPGA_Practice/DigitalClock/hour_controller.vhd Line: 16
    Error (12015): Net is fed by "hour_controller:hr_controller|hr_tens[3]~reg0" File: C:/Users/USER/Desktop/FPGA_Practice/DigitalClock/hour_controller.vhd Line: 16
    Error (12015): Net is fed by "time_incrementer:t_incrementer|hour_controller:hr_controller|hr_tens[3]" File: C:/Users/USER/Desktop/FPGA_Practice/DigitalClock/hour_controller.vhd Line: 16
    Error (12015): Net is fed by "time_incrementer:t_incrementer|hour_controller:hr_controller|hr_tens[3]~reg0" File: C:/Users/USER/Desktop/FPGA_Practice/DigitalClock/hour_controller.vhd Line: 16
Error (12014): Net "hour_tens[2]", which fans out to "hour_tens[2]~direct", cannot be assigned more than one value File: C:/Users/USER/Desktop/FPGA_Practice/DigitalClock/DigitalClock.vhd Line: 64
    Error (12015): Net is fed by "time_incrementer:t_incrementer|new_hour_tens[2]" File: C:/Users/USER/Desktop/FPGA_Practice/DigitalClock/time_incrementer.vhd Line: 8
    Error (12015): Net is fed by "hour_controller:hr_controller|hr_tens[2]" File: C:/Users/USER/Desktop/FPGA_Practice/DigitalClock/hour_controller.vhd Line: 16
    Error (12015): Net is fed by "hour_controller:hr_controller|hr_tens[2]~reg0" File: C:/Users/USER/Desktop/FPGA_Practice/DigitalClock/hour_controller.vhd Line: 16
    Error (12015): Net is fed by "time_incrementer:t_incrementer|hour_controller:hr_controller|hr_tens[2]" File: C:/Users/USER/Desktop/FPGA_Practice/DigitalClock/hour_controller.vhd Line: 16
    Error (12015): Net is fed by "time_incrementer:t_incrementer|hour_controller:hr_controller|hr_tens[2]~reg0" File: C:/Users/USER/Desktop/FPGA_Practice/DigitalClock/hour_controller.vhd Line: 16
Error (12014): Net "hour_tens[1]", which fans out to "hour_tens[1]~direct", cannot be assigned more than one value File: C:/Users/USER/Desktop/FPGA_Practice/DigitalClock/DigitalClock.vhd Line: 64
    Error (12015): Net is fed by "time_incrementer:t_incrementer|new_hour_tens[1]" File: C:/Users/USER/Desktop/FPGA_Practice/DigitalClock/time_incrementer.vhd Line: 8
    Error (12015): Net is fed by "hour_controller:hr_controller|hr_tens[1]" File: C:/Users/USER/Desktop/FPGA_Practice/DigitalClock/hour_controller.vhd Line: 16
    Error (12015): Net is fed by "hour_controller:hr_controller|hr_tens[1]~reg0" File: C:/Users/USER/Desktop/FPGA_Practice/DigitalClock/hour_controller.vhd Line: 16
    Error (12015): Net is fed by "time_incrementer:t_incrementer|hour_controller:hr_controller|hr_tens[1]" File: C:/Users/USER/Desktop/FPGA_Practice/DigitalClock/hour_controller.vhd Line: 16
    Error (12015): Net is fed by "time_incrementer:t_incrementer|hour_controller:hr_controller|hr_tens[1]~reg0" File: C:/Users/USER/Desktop/FPGA_Practice/DigitalClock/hour_controller.vhd Line: 16
Error (12014): Net "hour_tens[0]", which fans out to "hour_tens[0]~direct", cannot be assigned more than one value File: C:/Users/USER/Desktop/FPGA_Practice/DigitalClock/DigitalClock.vhd Line: 64
    Error (12015): Net is fed by "time_incrementer:t_incrementer|new_hour_tens[0]" File: C:/Users/USER/Desktop/FPGA_Practice/DigitalClock/time_incrementer.vhd Line: 8
    Error (12015): Net is fed by "hour_controller:hr_controller|hr_tens[0]" File: C:/Users/USER/Desktop/FPGA_Practice/DigitalClock/hour_controller.vhd Line: 16
    Error (12015): Net is fed by "hour_controller:hr_controller|hr_tens[0]~reg0" File: C:/Users/USER/Desktop/FPGA_Practice/DigitalClock/hour_controller.vhd Line: 16
    Error (12015): Net is fed by "time_incrementer:t_incrementer|hour_controller:hr_controller|hr_tens[0]" File: C:/Users/USER/Desktop/FPGA_Practice/DigitalClock/hour_controller.vhd Line: 16
    Error (12015): Net is fed by "time_incrementer:t_incrementer|hour_controller:hr_controller|hr_tens[0]~reg0" File: C:/Users/USER/Desktop/FPGA_Practice/DigitalClock/hour_controller.vhd Line: 16
Error (12014): Net "hour_unit[3]", which fans out to "hour_unit[3]~direct", cannot be assigned more than one value File: C:/Users/USER/Desktop/FPGA_Practice/DigitalClock/DigitalClock.vhd Line: 64
    Error (12015): Net is fed by "time_incrementer:t_incrementer|new_hour_unit[3]" File: C:/Users/USER/Desktop/FPGA_Practice/DigitalClock/time_incrementer.vhd Line: 8
    Error (12015): Net is fed by "hour_controller:hr_controller|hr_unit[3]" File: C:/Users/USER/Desktop/FPGA_Practice/DigitalClock/hour_controller.vhd Line: 16
    Error (12015): Net is fed by "hour_controller:hr_controller|hr_unit[3]~reg0" File: C:/Users/USER/Desktop/FPGA_Practice/DigitalClock/hour_controller.vhd Line: 16
    Error (12015): Net is fed by "time_incrementer:t_incrementer|hour_controller:hr_controller|hr_unit[3]" File: C:/Users/USER/Desktop/FPGA_Practice/DigitalClock/hour_controller.vhd Line: 16
    Error (12015): Net is fed by "time_incrementer:t_incrementer|hour_controller:hr_controller|hr_unit[3]~reg0" File: C:/Users/USER/Desktop/FPGA_Practice/DigitalClock/hour_controller.vhd Line: 16
Error (12014): Net "hour_unit[2]", which fans out to "hour_unit[2]~direct", cannot be assigned more than one value File: C:/Users/USER/Desktop/FPGA_Practice/DigitalClock/DigitalClock.vhd Line: 64
    Error (12015): Net is fed by "time_incrementer:t_incrementer|new_hour_unit[2]" File: C:/Users/USER/Desktop/FPGA_Practice/DigitalClock/time_incrementer.vhd Line: 8
    Error (12015): Net is fed by "hour_controller:hr_controller|hr_unit[2]" File: C:/Users/USER/Desktop/FPGA_Practice/DigitalClock/hour_controller.vhd Line: 16
    Error (12015): Net is fed by "hour_controller:hr_controller|hr_unit[2]~reg0" File: C:/Users/USER/Desktop/FPGA_Practice/DigitalClock/hour_controller.vhd Line: 16
    Error (12015): Net is fed by "time_incrementer:t_incrementer|hour_controller:hr_controller|hr_unit[2]" File: C:/Users/USER/Desktop/FPGA_Practice/DigitalClock/hour_controller.vhd Line: 16
    Error (12015): Net is fed by "time_incrementer:t_incrementer|hour_controller:hr_controller|hr_unit[2]~reg0" File: C:/Users/USER/Desktop/FPGA_Practice/DigitalClock/hour_controller.vhd Line: 16
Error (12014): Net "hour_unit[1]", which fans out to "hour_unit[1]~direct", cannot be assigned more than one value File: C:/Users/USER/Desktop/FPGA_Practice/DigitalClock/DigitalClock.vhd Line: 64
    Error (12015): Net is fed by "time_incrementer:t_incrementer|new_hour_unit[1]" File: C:/Users/USER/Desktop/FPGA_Practice/DigitalClock/time_incrementer.vhd Line: 8
    Error (12015): Net is fed by "hour_controller:hr_controller|hr_unit[1]" File: C:/Users/USER/Desktop/FPGA_Practice/DigitalClock/hour_controller.vhd Line: 16
    Error (12015): Net is fed by "hour_controller:hr_controller|hr_unit[1]~reg0" File: C:/Users/USER/Desktop/FPGA_Practice/DigitalClock/hour_controller.vhd Line: 16
    Error (12015): Net is fed by "time_incrementer:t_incrementer|hour_controller:hr_controller|hr_unit[1]" File: C:/Users/USER/Desktop/FPGA_Practice/DigitalClock/hour_controller.vhd Line: 16
    Error (12015): Net is fed by "time_incrementer:t_incrementer|hour_controller:hr_controller|hr_unit[1]~reg0" File: C:/Users/USER/Desktop/FPGA_Practice/DigitalClock/hour_controller.vhd Line: 16
Error (12014): Net "hour_unit[0]", which fans out to "hour_unit[0]~direct", cannot be assigned more than one value File: C:/Users/USER/Desktop/FPGA_Practice/DigitalClock/DigitalClock.vhd Line: 64
    Error (12015): Net is fed by "time_incrementer:t_incrementer|new_hour_unit[0]" File: C:/Users/USER/Desktop/FPGA_Practice/DigitalClock/time_incrementer.vhd Line: 8
    Error (12015): Net is fed by "hour_controller:hr_controller|hr_unit[0]" File: C:/Users/USER/Desktop/FPGA_Practice/DigitalClock/hour_controller.vhd Line: 16
    Error (12015): Net is fed by "hour_controller:hr_controller|hr_unit[0]~reg0" File: C:/Users/USER/Desktop/FPGA_Practice/DigitalClock/hour_controller.vhd Line: 16
    Error (12015): Net is fed by "time_incrementer:t_incrementer|hour_controller:hr_controller|hr_unit[0]" File: C:/Users/USER/Desktop/FPGA_Practice/DigitalClock/hour_controller.vhd Line: 16
    Error (12015): Net is fed by "time_incrementer:t_incrementer|hour_controller:hr_controller|hr_unit[0]~reg0" File: C:/Users/USER/Desktop/FPGA_Practice/DigitalClock/hour_controller.vhd Line: 16
Error: Quartus Prime Analysis & Synthesis was unsuccessful. 96 errors, 2 warnings
    Error: Peak virtual memory: 4791 megabytes
    Error: Processing ended: Sun Aug 27 02:35:28 2023
    Error: Elapsed time: 00:00:13
    Error: Total CPU time (on all processors): 00:00:29


